0 info it worked if it ends with ok
1 verbose cli [ '/Users/giuliandrimba/.nvm/v0.10.35/bin/node',
1 verbose cli   '/Users/giuliandrimba/.nvm/v0.10.35/bin/npm',
1 verbose cli   'publish' ]
2 info using npm@1.4.28
3 info using node@v0.10.35
4 verbose publish [ '.' ]
5 verbose cache add [ '.', null ]
6 verbose cache add name=undefined spec="." args=[".",null]
7 verbose parsed url { protocol: null,
7 verbose parsed url   slashes: null,
7 verbose parsed url   auth: null,
7 verbose parsed url   host: null,
7 verbose parsed url   port: null,
7 verbose parsed url   hostname: null,
7 verbose parsed url   hash: null,
7 verbose parsed url   search: null,
7 verbose parsed url   query: null,
7 verbose parsed url   pathname: '.',
7 verbose parsed url   path: '.',
7 verbose parsed url   href: '.' }
8 silly lockFile 3a52ce78- .
9 verbose lock . /Users/giuliandrimba/.npm/3a52ce78-.lock
10 verbose tar pack [ '/Users/giuliandrimba/.npm/IIPI-calc/1.0.0/package.tgz', '.' ]
11 verbose tarball /Users/giuliandrimba/.npm/IIPI-calc/1.0.0/package.tgz
12 verbose folder .
13 info prepublish IIPI-calc@1.0.0
14 silly lockFile 1f1177db-tar tar://.
15 verbose lock tar://. /Users/giuliandrimba/.npm/1f1177db-tar.lock
16 silly lockFile a5d3c811--npm-IIPI-calc-1-0-0-package-tgz tar:///Users/giuliandrimba/.npm/IIPI-calc/1.0.0/package.tgz
17 verbose lock tar:///Users/giuliandrimba/.npm/IIPI-calc/1.0.0/package.tgz /Users/giuliandrimba/.npm/a5d3c811--npm-IIPI-calc-1-0-0-package-tgz.lock
18 silly lockFile 1f1177db-tar tar://.
19 silly lockFile 1f1177db-tar tar://.
20 silly lockFile a5d3c811--npm-IIPI-calc-1-0-0-package-tgz tar:///Users/giuliandrimba/.npm/IIPI-calc/1.0.0/package.tgz
21 silly lockFile a5d3c811--npm-IIPI-calc-1-0-0-package-tgz tar:///Users/giuliandrimba/.npm/IIPI-calc/1.0.0/package.tgz
22 silly lockFile ac93c6dd-imba-npm-IIPI-calc-1-0-0-package /Users/giuliandrimba/.npm/IIPI-calc/1.0.0/package
23 verbose lock /Users/giuliandrimba/.npm/IIPI-calc/1.0.0/package /Users/giuliandrimba/.npm/ac93c6dd-imba-npm-IIPI-calc-1-0-0-package.lock
24 silly lockFile ac93c6dd-imba-npm-IIPI-calc-1-0-0-package /Users/giuliandrimba/.npm/IIPI-calc/1.0.0/package
25 silly lockFile ac93c6dd-imba-npm-IIPI-calc-1-0-0-package /Users/giuliandrimba/.npm/IIPI-calc/1.0.0/package
26 silly lockFile 3a52ce78- .
27 silly lockFile 3a52ce78- .
28 silly publish { name: 'IIPI-calc',
28 silly publish   version: '1.0.0',
28 silly publish   description: 'trigonometry methods',
28 silly publish   main: 'src/index.js',
28 silly publish   scripts: { test: 'make test' },
28 silly publish   repository: { type: 'git', url: 'https://github.com/IIPI/IIPI-calc.git' },
28 silly publish   author: { name: 'Giulian Drimba' },
28 silly publish   license: 'MIT',
28 silly publish   bugs: { url: 'https://github.com/IIPI/IIPI-calc/issues' },
28 silly publish   homepage: 'https://github.com/IIPI/IIPI-calc',
28 silly publish   gitHead: '03296d2fef489d67f399ed103746e2730b80b68c',
28 silly publish   readme: 'ERROR: No README data found!',
28 silly publish   _id: 'IIPI-calc@1.0.0',
28 silly publish   _shasum: 'cbadbb8915fdf45a0715bb185497294cca2fbf4d',
28 silly publish   _from: '.' }
29 verbose request where is /IIPI-calc
30 verbose request registry https://registry.npmjs.org/
31 verbose request id c42ed55ce89ad3c1
32 verbose url raw /IIPI-calc
33 verbose url resolving [ 'https://registry.npmjs.org/', './IIPI-calc' ]
34 verbose url resolved https://registry.npmjs.org/IIPI-calc
35 verbose request where is https://registry.npmjs.org/IIPI-calc
36 info trying registry request attempt 1 at 23:22:05
37 http PUT https://registry.npmjs.org/IIPI-calc
38 http 403 https://registry.npmjs.org/IIPI-calc
39 verbose headers { date: 'Sat, 14 Mar 2015 02:22:06 GMT',
39 verbose headers   server: 'CouchDB/1.5.0 (Erlang OTP/R16B03)',
39 verbose headers   'content-type': 'application/json',
39 verbose headers   'cache-control': 'max-age=60',
39 verbose headers   'content-length': '76',
39 verbose headers   'accept-ranges': 'bytes',
39 verbose headers   via: '1.1 varnish',
39 verbose headers   'x-served-by': 'cache-iad2131-IAD',
39 verbose headers   'x-cache': 'MISS',
39 verbose headers   'x-cache-hits': '0',
39 verbose headers   'x-timer': 'S1426299726.231476,VS0,VE322',
39 verbose headers   'keep-alive': 'timeout=10, max=50',
39 verbose headers   connection: 'Keep-Alive' }
40 error publish Failed PUT 403
41 error Error: forbidden New packages must have all-lowercase names: IIPI-calc
41 error     at RegClient.<anonymous> (/Users/giuliandrimba/.nvm/v0.10.35/lib/node_modules/npm/node_modules/npm-registry-client/lib/request.js:308:14)
41 error     at Request._callback (/Users/giuliandrimba/.nvm/v0.10.35/lib/node_modules/npm/node_modules/npm-registry-client/lib/request.js:246:65)
41 error     at Request.self.callback (/Users/giuliandrimba/.nvm/v0.10.35/lib/node_modules/npm/node_modules/request/request.js:236:22)
41 error     at Request.emit (events.js:98:17)
41 error     at Request.<anonymous> (/Users/giuliandrimba/.nvm/v0.10.35/lib/node_modules/npm/node_modules/request/request.js:1142:14)
41 error     at Request.emit (events.js:117:20)
41 error     at IncomingMessage.<anonymous> (/Users/giuliandrimba/.nvm/v0.10.35/lib/node_modules/npm/node_modules/request/request.js:1096:12)
41 error     at IncomingMessage.emit (events.js:117:20)
41 error     at _stream_readable.js:944:16
41 error     at process._tickCallback (node.js:442:13)
42 error If you need help, you may report this *entire* log,
42 error including the npm and node versions, at:
42 error     <http://github.com/npm/npm/issues>
43 error System Darwin 14.1.0
44 error command "/Users/giuliandrimba/.nvm/v0.10.35/bin/node" "/Users/giuliandrimba/.nvm/v0.10.35/bin/npm" "publish"
45 error cwd /Users/giuliandrimba/IIPI/2pi-calc
46 error node -v v0.10.35
47 error npm -v 1.4.28
48 verbose exit [ 1, true ]
